2018-06-05 18:19:54 startup archives unpack
2018-06-05 18:19:54 install readline-common:all <none> 7.0-3
2018-06-05 18:19:54 status half-installed readline-common:all 7.0-3
2018-06-05 18:19:54 status unpacked readline-common:all 7.0-3
2018-06-05 18:19:54 status unpacked readline-common:all 7.0-3
2018-06-05 18:19:54 install libreadline7:amd64 <none> 7.0-3
2018-06-05 18:19:54 status triggers-pending libc-bin:amd64 2.24-11+deb9u3
2018-06-05 18:19:54 status half-installed libreadline7:amd64 7.0-3
2018-06-05 18:19:54 status unpacked libreadline7:amd64 7.0-3
2018-06-05 18:19:54 status unpacked libreadline7:amd64 7.0-3
2018-06-05 18:19:54 install libssl1.1:amd64 <none> 1.1.0f-3+deb9u2
2018-06-05 18:19:54 status half-installed libssl1.1:amd64 1.1.0f-3+deb9u2
2018-06-05 18:19:54 status unpacked libssl1.1:amd64 1.1.0f-3+deb9u2
2018-06-05 18:19:54 status unpacked libssl1.1:amd64 1.1.0f-3+deb9u2
2018-06-05 18:19:54 install libgmp10:amd64 <none> 2:6.1.2+dfsg-1
2018-06-05 18:19:54 status half-installed libgmp10:amd64 2:6.1.2+dfsg-1
2018-06-05 18:19:54 status unpacked libgmp10:amd64 2:6.1.2+dfsg-1
2018-06-05 18:19:54 status unpacked libgmp10:amd64 2:6.1.2+dfsg-1
2018-06-05 18:19:54 install libnettle6:amd64 <none> 3.3-1+b2
2018-06-05 18:19:54 status half-installed libnettle6:amd64 3.3-1+b2
2018-06-05 18:19:54 status unpacked libnettle6:amd64 3.3-1+b2
2018-06-05 18:19:54 status unpacked libnettle6:amd64 3.3-1+b2
2018-06-05 18:19:54 install libhogweed4:amd64 <none> 3.3-1+b2
2018-06-05 18:19:54 status half-installed libhogweed4:amd64 3.3-1+b2
2018-06-05 18:19:54 status unpacked libhogweed4:amd64 3.3-1+b2
2018-06-05 18:19:54 status unpacked libhogweed4:amd64 3.3-1+b2
2018-06-05 18:19:54 install libidn11:amd64 <none> 1.33-1
2018-06-05 18:19:54 status half-installed libidn11:amd64 1.33-1
2018-06-05 18:19:54 status unpacked libidn11:amd64 1.33-1
2018-06-05 18:19:54 status unpacked libidn11:amd64 1.33-1
2018-06-05 18:19:54 install libffi6:amd64 <none> 3.2.1-6
2018-06-05 18:19:54 status half-installed libffi6:amd64 3.2.1-6
2018-06-05 18:19:54 status unpacked libffi6:amd64 3.2.1-6
2018-06-05 18:19:54 status unpacked libffi6:amd64 3.2.1-6
2018-06-05 18:19:54 install libp11-kit0:amd64 <none> 0.23.3-2
2018-06-05 18:19:54 status half-installed libp11-kit0:amd64 0.23.3-2
2018-06-05 18:19:54 status unpacked libp11-kit0:amd64 0.23.3-2
2018-06-05 18:19:54 status unpacked libp11-kit0:amd64 0.23.3-2
2018-06-05 18:19:54 install libtasn1-6:amd64 <none> 4.10-1.1+deb9u1
2018-06-05 18:19:54 status half-installed libtasn1-6:amd64 4.10-1.1+deb9u1
2018-06-05 18:19:54 status unpacked libtasn1-6:amd64 4.10-1.1+deb9u1
2018-06-05 18:19:54 status unpacked libtasn1-6:amd64 4.10-1.1+deb9u1
2018-06-05 18:19:54 install libgnutls30:amd64 <none> 3.5.8-5+deb9u3
2018-06-05 18:19:54 status half-installed libgnutls30:amd64 3.5.8-5+deb9u3
2018-06-05 18:19:54 status unpacked libgnutls30:amd64 3.5.8-5+deb9u3
2018-06-05 18:19:54 status unpacked libgnutls30:amd64 3.5.8-5+deb9u3
2018-06-05 18:19:54 install libkeyutils1:amd64 <none> 1.5.9-9
2018-06-05 18:19:54 status half-installed libkeyutils1:amd64 1.5.9-9
2018-06-05 18:19:54 status unpacked libkeyutils1:amd64 1.5.9-9
2018-06-05 18:19:54 status unpacked libkeyutils1:amd64 1.5.9-9
2018-06-05 18:19:54 install libkrb5support0:amd64 <none> 1.15-1+deb9u1
2018-06-05 18:19:54 status half-installed libkrb5support0:amd64 1.15-1+deb9u1
2018-06-05 18:19:54 status unpacked libkrb5support0:amd64 1.15-1+deb9u1
2018-06-05 18:19:54 status unpacked libkrb5support0:amd64 1.15-1+deb9u1
2018-06-05 18:19:54 install libk5crypto3:amd64 <none> 1.15-1+deb9u1
2018-06-05 18:19:54 status half-installed libk5crypto3:amd64 1.15-1+deb9u1
2018-06-05 18:19:54 status unpacked libk5crypto3:amd64 1.15-1+deb9u1
2018-06-05 18:19:54 status unpacked libk5crypto3:amd64 1.15-1+deb9u1
2018-06-05 18:19:54 install libkrb5-3:amd64 <none> 1.15-1+deb9u1
2018-06-05 18:19:54 status half-installed libkrb5-3:amd64 1.15-1+deb9u1
2018-06-05 18:19:54 status unpacked libkrb5-3:amd64 1.15-1+deb9u1
2018-06-05 18:19:55 status unpacked libkrb5-3:amd64 1.15-1+deb9u1
2018-06-05 18:19:55 install libgssapi-krb5-2:amd64 <none> 1.15-1+deb9u1
2018-06-05 18:19:55 status half-installed libgssapi-krb5-2:amd64 1.15-1+deb9u1
2018-06-05 18:19:55 status unpacked libgssapi-krb5-2:amd64 1.15-1+deb9u1
2018-06-05 18:19:55 status unpacked libgssapi-krb5-2:amd64 1.15-1+deb9u1
2018-06-05 18:19:55 install libsasl2-modules-db:amd64 <none> 2.1.27~101-g0780600+dfsg-3
2018-06-05 18:19:55 status half-installed libsasl2-modules-db:amd64 2.1.27~101-g0780600+dfsg-3
2018-06-05 18:19:55 status unpacked libsasl2-modules-db:amd64 2.1.27~101-g0780600+dfsg-3
2018-06-05 18:19:55 status unpacked libsasl2-modules-db:amd64 2.1.27~101-g0780600+dfsg-3
2018-06-05 18:19:55 install libsasl2-2:amd64 <none> 2.1.27~101-g0780600+dfsg-3
2018-06-05 18:19:55 status half-installed libsasl2-2:amd64 2.1.27~101-g0780600+dfsg-3
2018-06-05 18:19:55 status unpacked libsasl2-2:amd64 2.1.27~101-g0780600+dfsg-3
2018-06-05 18:19:55 status unpacked libsasl2-2:amd64 2.1.27~101-g0780600+dfsg-3
2018-06-05 18:19:55 install libldap-common:all <none> 2.4.44+dfsg-5+deb9u1
2018-06-05 18:19:55 status half-installed libldap-common:all 2.4.44+dfsg-5+deb9u1
2018-06-05 18:19:55 status unpacked libldap-common:all 2.4.44+dfsg-5+deb9u1
2018-06-05 18:19:55 status unpacked libldap-common:all 2.4.44+dfsg-5+deb9u1
2018-06-05 18:19:55 install libldap-2.4-2:amd64 <none> 2.4.44+dfsg-5+deb9u1
2018-06-05 18:19:55 status half-installed libldap-2.4-2:amd64 2.4.44+dfsg-5+deb9u1
2018-06-05 18:19:55 status unpacked libldap-2.4-2:amd64 2.4.44+dfsg-5+deb9u1
2018-06-05 18:19:55 status unpacked libldap-2.4-2:amd64 2.4.44+dfsg-5+deb9u1
2018-06-05 18:19:55 install libunistring0:amd64 <none> 0.9.6+really0.9.3-0.1
2018-06-05 18:19:55 status half-installed libunistring0:amd64 0.9.6+really0.9.3-0.1
2018-06-05 18:19:55 status unpacked libunistring0:amd64 0.9.6+really0.9.3-0.1
2018-06-05 18:19:55 status unpacked libunistring0:amd64 0.9.6+really0.9.3-0.1
2018-06-05 18:19:55 install libidn2-0:amd64 <none> 0.16-1+deb9u1
2018-06-05 18:19:55 status half-installed libidn2-0:amd64 0.16-1+deb9u1
2018-06-05 18:19:55 status unpacked libidn2-0:amd64 0.16-1+deb9u1
2018-06-05 18:19:55 status unpacked libidn2-0:amd64 0.16-1+deb9u1
2018-06-05 18:19:55 install libnghttp2-14:amd64 <none> 1.18.1-1
2018-06-05 18:19:55 status half-installed libnghttp2-14:amd64 1.18.1-1
2018-06-05 18:19:55 status unpacked libnghttp2-14:amd64 1.18.1-1
2018-06-05 18:19:55 status unpacked libnghttp2-14:amd64 1.18.1-1
2018-06-05 18:19:55 install libpsl5:amd64 <none> 0.17.0-3
2018-06-05 18:19:55 status half-installed libpsl5:amd64 0.17.0-3
2018-06-05 18:19:55 status unpacked libpsl5:amd64 0.17.0-3
2018-06-05 18:19:55 status unpacked libpsl5:amd64 0.17.0-3
2018-06-05 18:19:55 install librtmp1:amd64 <none> 2.4+20151223.gitfa8646d.1-1+b1
2018-06-05 18:19:55 status half-installed librtmp1:amd64 2.4+20151223.gitfa8646d.1-1+b1
2018-06-05 18:19:55 status unpacked librtmp1:amd64 2.4+20151223.gitfa8646d.1-1+b1
2018-06-05 18:19:55 status unpacked librtmp1:amd64 2.4+20151223.gitfa8646d.1-1+b1
2018-06-05 18:19:55 install libssh2-1:amd64 <none> 1.7.0-1
2018-06-05 18:19:55 status half-installed libssh2-1:amd64 1.7.0-1
2018-06-05 18:19:55 status unpacked libssh2-1:amd64 1.7.0-1
2018-06-05 18:19:55 status unpacked libssh2-1:amd64 1.7.0-1
2018-06-05 18:19:55 install libcurl3-gnutls:amd64 <none> 7.52.1-5+deb9u6
2018-06-05 18:19:55 status half-installed libcurl3-gnutls:amd64 7.52.1-5+deb9u6
2018-06-05 18:19:55 status unpacked libcurl3-gnutls:amd64 7.52.1-5+deb9u6
2018-06-05 18:19:55 status unpacked libcurl3-gnutls:amd64 7.52.1-5+deb9u6
2018-06-05 18:19:55 install apt-transport-https:amd64 <none> 1.4.8
2018-06-05 18:19:55 status half-installed apt-transport-https:amd64 1.4.8
2018-06-05 18:19:55 status unpacked apt-transport-https:amd64 1.4.8
2018-06-05 18:19:55 status unpacked apt-transport-https:amd64 1.4.8
2018-06-05 18:19:55 install openssl:amd64 <none> 1.1.0f-3+deb9u2
2018-06-05 18:19:55 status half-installed openssl:amd64 1.1.0f-3+deb9u2
2018-06-05 18:19:55 status unpacked openssl:amd64 1.1.0f-3+deb9u2
2018-06-05 18:19:55 status unpacked openssl:amd64 1.1.0f-3+deb9u2
2018-06-05 18:19:55 install ca-certificates:all <none> 20161130+nmu1
2018-06-05 18:19:55 status half-installed ca-certificates:all 20161130+nmu1
2018-06-05 18:19:55 status unpacked ca-certificates:all 20161130+nmu1
2018-06-05 18:19:55 status unpacked ca-certificates:all 20161130+nmu1
2018-06-05 18:19:55 install gnupg1:amd64 <none> 1.4.21-4
2018-06-05 18:19:55 status half-installed gnupg1:amd64 1.4.21-4
2018-06-05 18:19:55 status unpacked gnupg1:amd64 1.4.21-4
2018-06-05 18:19:55 status unpacked gnupg1:amd64 1.4.21-4
2018-06-05 18:19:55 startup packages configure
2018-06-05 18:19:55 configure readline-common:all 7.0-3 <none>
2018-06-05 18:19:55 status unpacked readline-common:all 7.0-3
2018-06-05 18:19:55 status half-configured readline-common:all 7.0-3
2018-06-05 18:19:55 status installed readline-common:all 7.0-3
2018-06-05 18:19:55 configure libnettle6:amd64 3.3-1+b2 <none>
2018-06-05 18:19:55 status unpacked libnettle6:amd64 3.3-1+b2
2018-06-05 18:19:55 status half-configured libnettle6:amd64 3.3-1+b2
2018-06-05 18:19:55 status installed libnettle6:amd64 3.3-1+b2
2018-06-05 18:19:55 configure libnghttp2-14:amd64 1.18.1-1 <none>
2018-06-05 18:19:55 status unpacked libnghttp2-14:amd64 1.18.1-1
2018-06-05 18:19:55 status half-configured libnghttp2-14:amd64 1.18.1-1
2018-06-05 18:19:55 status installed libnghttp2-14:amd64 1.18.1-1
2018-06-05 18:19:55 configure libldap-common:all 2.4.44+dfsg-5+deb9u1 <none>
2018-06-05 18:19:55 status unpacked libldap-common:all 2.4.44+dfsg-5+deb9u1
2018-06-05 18:19:55 status unpacked libldap-common:all 2.4.44+dfsg-5+deb9u1
2018-06-05 18:19:55 status half-configured libldap-common:all 2.4.44+dfsg-5+deb9u1
2018-06-05 18:19:55 status installed libldap-common:all 2.4.44+dfsg-5+deb9u1
2018-06-05 18:19:55 configure libreadline7:amd64 7.0-3 <none>
2018-06-05 18:19:55 status unpacked libreadline7:amd64 7.0-3
2018-06-05 18:19:55 status half-configured libreadline7:amd64 7.0-3
2018-06-05 18:19:55 status installed libreadline7:amd64 7.0-3
2018-06-05 18:19:55 configure libsasl2-modules-db:amd64 2.1.27~101-g0780600+dfsg-3 <none>
2018-06-05 18:19:55 status unpacked libsasl2-modules-db:amd64 2.1.27~101-g0780600+dfsg-3
2018-06-05 18:19:55 status half-configured libsasl2-modules-db:amd64 2.1.27~101-g0780600+dfsg-3
2018-06-05 18:19:55 status installed libsasl2-modules-db:amd64 2.1.27~101-g0780600+dfsg-3
2018-06-05 18:19:55 configure libsasl2-2:amd64 2.1.27~101-g0780600+dfsg-3 <none>
2018-06-05 18:19:55 status unpacked libsasl2-2:amd64 2.1.27~101-g0780600+dfsg-3
2018-06-05 18:19:55 status half-configured libsasl2-2:amd64 2.1.27~101-g0780600+dfsg-3
2018-06-05 18:19:55 status installed libsasl2-2:amd64 2.1.27~101-g0780600+dfsg-3
2018-06-05 18:19:55 configure gnupg1:amd64 1.4.21-4 <none>
2018-06-05 18:19:55 status unpacked gnupg1:amd64 1.4.21-4
2018-06-05 18:19:55 status half-configured gnupg1:amd64 1.4.21-4
2018-06-05 18:19:55 status installed gnupg1:amd64 1.4.21-4
2018-06-05 18:19:55 configure libtasn1-6:amd64 4.10-1.1+deb9u1 <none>
2018-06-05 18:19:55 status unpacked libtasn1-6:amd64 4.10-1.1+deb9u1
2018-06-05 18:19:55 status half-configured libtasn1-6:amd64 4.10-1.1+deb9u1
2018-06-05 18:19:55 status installed libtasn1-6:amd64 4.10-1.1+deb9u1
2018-06-05 18:19:55 configure libgmp10:amd64 2:6.1.2+dfsg-1 <none>
2018-06-05 18:19:55 status unpacked libgmp10:amd64 2:6.1.2+dfsg-1
2018-06-05 18:19:55 status half-configured libgmp10:amd64 2:6.1.2+dfsg-1
2018-06-05 18:19:55 status installed libgmp10:amd64 2:6.1.2+dfsg-1
2018-06-05 18:19:55 configure libssh2-1:amd64 1.7.0-1 <none>
2018-06-05 18:19:55 status unpacked libssh2-1:amd64 1.7.0-1
2018-06-05 18:19:55 status half-configured libssh2-1:amd64 1.7.0-1
2018-06-05 18:19:55 status installed libssh2-1:amd64 1.7.0-1
2018-06-05 18:19:55 trigproc libc-bin:amd64 2.24-11+deb9u3 <none>
2018-06-05 18:19:55 status half-configured libc-bin:amd64 2.24-11+deb9u3
2018-06-05 18:19:56 status installed libc-bin:amd64 2.24-11+deb9u3
2018-06-05 18:19:56 configure libunistring0:amd64 0.9.6+really0.9.3-0.1 <none>
2018-06-05 18:19:56 status triggers-pending libc-bin:amd64 2.24-11+deb9u3
2018-06-05 18:19:56 status unpacked libunistring0:amd64 0.9.6+really0.9.3-0.1
2018-06-05 18:19:56 status half-configured libunistring0:amd64 0.9.6+really0.9.3-0.1
2018-06-05 18:19:56 status installed libunistring0:amd64 0.9.6+really0.9.3-0.1
2018-06-05 18:19:56 configure libssl1.1:amd64 1.1.0f-3+deb9u2 <none>
2018-06-05 18:19:56 status unpacked libssl1.1:amd64 1.1.0f-3+deb9u2
2018-06-05 18:19:56 status half-configured libssl1.1:amd64 1.1.0f-3+deb9u2
2018-06-05 18:19:56 status installed libssl1.1:amd64 1.1.0f-3+deb9u2
2018-06-05 18:19:56 configure openssl:amd64 1.1.0f-3+deb9u2 <none>
2018-06-05 18:19:56 status unpacked openssl:amd64 1.1.0f-3+deb9u2
2018-06-05 18:19:56 status unpacked openssl:amd64 1.1.0f-3+deb9u2
2018-06-05 18:19:56 status half-configured openssl:amd64 1.1.0f-3+deb9u2
2018-06-05 18:19:56 status installed openssl:amd64 1.1.0f-3+deb9u2
2018-06-05 18:19:56 configure libffi6:amd64 3.2.1-6 <none>
2018-06-05 18:19:56 status unpacked libffi6:amd64 3.2.1-6
2018-06-05 18:19:56 status half-configured libffi6:amd64 3.2.1-6
2018-06-05 18:19:56 status installed libffi6:amd64 3.2.1-6
2018-06-05 18:19:56 configure libkeyutils1:amd64 1.5.9-9 <none>
2018-06-05 18:19:56 status unpacked libkeyutils1:amd64 1.5.9-9
2018-06-05 18:19:56 status half-configured libkeyutils1:amd64 1.5.9-9
2018-06-05 18:19:56 status installed libkeyutils1:amd64 1.5.9-9
2018-06-05 18:19:56 configure ca-certificates:all 20161130+nmu1 <none>
2018-06-05 18:19:56 status unpacked ca-certificates:all 20161130+nmu1
2018-06-05 18:19:56 status half-configured ca-certificates:all 20161130+nmu1
2018-06-05 18:19:58 status installed ca-certificates:all 20161130+nmu1
2018-06-05 18:19:58 status triggers-pending ca-certificates:all 20161130+nmu1
2018-06-05 18:19:58 configure libidn11:amd64 1.33-1 <none>
2018-06-05 18:19:58 status unpacked libidn11:amd64 1.33-1
2018-06-05 18:19:58 status half-configured libidn11:amd64 1.33-1
2018-06-05 18:19:58 status installed libidn11:amd64 1.33-1
2018-06-05 18:19:58 configure libidn2-0:amd64 0.16-1+deb9u1 <none>
2018-06-05 18:19:58 status unpacked libidn2-0:amd64 0.16-1+deb9u1
2018-06-05 18:19:58 status half-configured libidn2-0:amd64 0.16-1+deb9u1
2018-06-05 18:19:58 status installed libidn2-0:amd64 0.16-1+deb9u1
2018-06-05 18:19:58 configure libpsl5:amd64 0.17.0-3 <none>
2018-06-05 18:19:58 status unpacked libpsl5:amd64 0.17.0-3
2018-06-05 18:19:58 status half-configured libpsl5:amd64 0.17.0-3
2018-06-05 18:19:58 status installed libpsl5:amd64 0.17.0-3
2018-06-05 18:19:58 configure libkrb5support0:amd64 1.15-1+deb9u1 <none>
2018-06-05 18:19:58 status unpacked libkrb5support0:amd64 1.15-1+deb9u1
2018-06-05 18:19:58 status half-configured libkrb5support0:amd64 1.15-1+deb9u1
2018-06-05 18:19:58 status installed libkrb5support0:amd64 1.15-1+deb9u1
2018-06-05 18:19:58 configure libhogweed4:amd64 3.3-1+b2 <none>
2018-06-05 18:19:58 status unpacked libhogweed4:amd64 3.3-1+b2
2018-06-05 18:19:58 status half-configured libhogweed4:amd64 3.3-1+b2
2018-06-05 18:19:58 status installed libhogweed4:amd64 3.3-1+b2
2018-06-05 18:19:58 configure libp11-kit0:amd64 0.23.3-2 <none>
2018-06-05 18:19:58 status unpacked libp11-kit0:amd64 0.23.3-2
2018-06-05 18:19:58 status half-configured libp11-kit0:amd64 0.23.3-2
2018-06-05 18:19:58 status installed libp11-kit0:amd64 0.23.3-2
2018-06-05 18:19:58 configure libk5crypto3:amd64 1.15-1+deb9u1 <none>
2018-06-05 18:19:58 status unpacked libk5crypto3:amd64 1.15-1+deb9u1
2018-06-05 18:19:58 status half-configured libk5crypto3:amd64 1.15-1+deb9u1
2018-06-05 18:19:58 status installed libk5crypto3:amd64 1.15-1+deb9u1
2018-06-05 18:19:58 configure libgnutls30:amd64 3.5.8-5+deb9u3 <none>
2018-06-05 18:19:58 status unpacked libgnutls30:amd64 3.5.8-5+deb9u3
2018-06-05 18:19:58 status half-configured libgnutls30:amd64 3.5.8-5+deb9u3
2018-06-05 18:19:58 status installed libgnutls30:amd64 3.5.8-5+deb9u3
2018-06-05 18:19:58 configure librtmp1:amd64 2.4+20151223.gitfa8646d.1-1+b1 <none>
2018-06-05 18:19:58 status unpacked librtmp1:amd64 2.4+20151223.gitfa8646d.1-1+b1
2018-06-05 18:19:58 status half-configured librtmp1:amd64 2.4+20151223.gitfa8646d.1-1+b1
2018-06-05 18:19:58 status installed librtmp1:amd64 2.4+20151223.gitfa8646d.1-1+b1
2018-06-05 18:19:58 configure libldap-2.4-2:amd64 2.4.44+dfsg-5+deb9u1 <none>
2018-06-05 18:19:58 status unpacked libldap-2.4-2:amd64 2.4.44+dfsg-5+deb9u1
2018-06-05 18:19:58 status half-configured libldap-2.4-2:amd64 2.4.44+dfsg-5+deb9u1
2018-06-05 18:19:58 status installed libldap-2.4-2:amd64 2.4.44+dfsg-5+deb9u1
2018-06-05 18:19:58 configure libkrb5-3:amd64 1.15-1+deb9u1 <none>
2018-06-05 18:19:58 status unpacked libkrb5-3:amd64 1.15-1+deb9u1
2018-06-05 18:19:58 status half-configured libkrb5-3:amd64 1.15-1+deb9u1
2018-06-05 18:19:58 status installed libkrb5-3:amd64 1.15-1+deb9u1
2018-06-05 18:19:58 configure libgssapi-krb5-2:amd64 1.15-1+deb9u1 <none>
2018-06-05 18:19:58 status unpacked libgssapi-krb5-2:amd64 1.15-1+deb9u1
2018-06-05 18:19:58 status unpacked libgssapi-krb5-2:amd64 1.15-1+deb9u1
2018-06-05 18:19:58 status half-configured libgssapi-krb5-2:amd64 1.15-1+deb9u1
2018-06-05 18:19:58 status installed libgssapi-krb5-2:amd64 1.15-1+deb9u1
2018-06-05 18:19:58 configure libcurl3-gnutls:amd64 7.52.1-5+deb9u6 <none>
2018-06-05 18:19:58 status unpacked libcurl3-gnutls:amd64 7.52.1-5+deb9u6
2018-06-05 18:19:58 status half-configured libcurl3-gnutls:amd64 7.52.1-5+deb9u6
2018-06-05 18:19:58 status installed libcurl3-gnutls:amd64 7.52.1-5+deb9u6
2018-06-05 18:19:58 configure apt-transport-https:amd64 1.4.8 <none>
2018-06-05 18:19:58 status unpacked apt-transport-https:amd64 1.4.8
2018-06-05 18:19:58 status half-configured apt-transport-https:amd64 1.4.8
2018-06-05 18:19:58 status installed apt-transport-https:amd64 1.4.8
2018-06-05 18:19:58 trigproc libc-bin:amd64 2.24-11+deb9u3 <none>
2018-06-05 18:19:58 status half-configured libc-bin:amd64 2.24-11+deb9u3
2018-06-05 18:19:58 status installed libc-bin:amd64 2.24-11+deb9u3
2018-06-05 18:19:58 trigproc ca-certificates:all 20161130+nmu1 <none>
2018-06-05 18:19:58 status half-configured ca-certificates:all 20161130+nmu1
2018-06-05 18:19:58 status installed ca-certificates:all 20161130+nmu1
2018-06-05 18:20:00 startup packages remove
2018-06-05 18:20:00 status installed gnupg1:amd64 1.4.21-4
2018-06-05 18:20:00 remove gnupg1:amd64 1.4.21-4 <none>
2018-06-05 18:20:00 status half-configured gnupg1:amd64 1.4.21-4
2018-06-05 18:20:00 status half-installed gnupg1:amd64 1.4.21-4
2018-06-05 18:20:00 status config-files gnupg1:amd64 1.4.21-4
2018-06-05 18:20:00 status config-files gnupg1:amd64 1.4.21-4
2018-06-05 18:20:00 status config-files gnupg1:amd64 1.4.21-4
2018-06-05 18:20:00 status not-installed gnupg1:amd64 <none>
2018-06-05 18:20:00 status installed libreadline7:amd64 7.0-3
2018-06-05 18:20:00 remove libreadline7:amd64 7.0-3 <none>
2018-06-05 18:20:00 status triggers-pending libc-bin:amd64 2.24-11+deb9u3
2018-06-05 18:20:00 status half-configured libreadline7:amd64 7.0-3
2018-06-05 18:20:00 status half-installed libreadline7:amd64 7.0-3
2018-06-05 18:20:00 status config-files libreadline7:amd64 7.0-3
2018-06-05 18:20:00 status config-files libreadline7:amd64 7.0-3
2018-06-05 18:20:00 status config-files libreadline7:amd64 7.0-3
2018-06-05 18:20:00 status not-installed libreadline7:amd64 <none>
2018-06-05 18:20:00 status installed readline-common:all 7.0-3
2018-06-05 18:20:00 remove readline-common:all 7.0-3 <none>
2018-06-05 18:20:00 status half-configured readline-common:all 7.0-3
2018-06-05 18:20:00 status half-installed readline-common:all 7.0-3
2018-06-05 18:20:00 status config-files readline-common:all 7.0-3
2018-06-05 18:20:00 status config-files readline-common:all 7.0-3
2018-06-05 18:20:00 startup packages configure
2018-06-05 18:20:00 trigproc libc-bin:amd64 2.24-11+deb9u3 <none>
2018-06-05 18:20:00 status half-configured libc-bin:amd64 2.24-11+deb9u3
2018-06-05 18:20:00 status installed libc-bin:amd64 2.24-11+deb9u3
2018-06-05 18:20:00 startup packages purge
2018-06-05 18:20:00 purge readline-common:all 7.0-3 <none>
2018-06-05 18:20:00 status config-files readline-common:all 7.0-3
2018-06-05 18:20:00 status config-files readline-common:all 7.0-3
2018-06-05 18:20:00 status config-files readline-common:all 7.0-3
2018-06-05 18:20:00 status config-files readline-common:all 7.0-3
2018-06-05 18:20:00 status config-files readline-common:all 7.0-3
2018-06-05 18:20:00 status not-installed readline-common:all <none>
2018-06-05 18:20:00 startup packages configure
2018-06-05 18:20:06 startup archives unpack
2018-06-05 18:20:06 install libxau6:amd64 <none> 1:1.0.8-1
2018-06-05 18:20:06 status half-installed libxau6:amd64 1:1.0.8-1
2018-06-05 18:20:06 status unpacked libxau6:amd64 1:1.0.8-1
2018-06-05 18:20:06 status unpacked libxau6:amd64 1:1.0.8-1
2018-06-05 18:20:06 install gettext-base:amd64 <none> 0.19.8.1-2
2018-06-05 18:20:06 status half-installed gettext-base:amd64 0.19.8.1-2
2018-06-05 18:20:06 status unpacked gettext-base:amd64 0.19.8.1-2
2018-06-05 18:20:06 status unpacked gettext-base:amd64 0.19.8.1-2
2018-06-05 18:20:06 install libbsd0:amd64 <none> 0.8.3-1
2018-06-05 18:20:06 status triggers-pending libc-bin:amd64 2.24-11+deb9u3
2018-06-05 18:20:06 status half-installed libbsd0:amd64 0.8.3-1
2018-06-05 18:20:06 status unpacked libbsd0:amd64 0.8.3-1
2018-06-05 18:20:06 status unpacked libbsd0:amd64 0.8.3-1
2018-06-05 18:20:06 install libncurses5:amd64 <none> 6.0+20161126-1+deb9u2
2018-06-05 18:20:06 status half-installed libncurses5:amd64 6.0+20161126-1+deb9u2
2018-06-05 18:20:06 status unpacked libncurses5:amd64 6.0+20161126-1+deb9u2
2018-06-05 18:20:06 status unpacked libncurses5:amd64 6.0+20161126-1+deb9u2
2018-06-05 18:20:06 install libedit2:amd64 <none> 3.1-20160903-3
2018-06-05 18:20:06 status half-installed libedit2:amd64 3.1-20160903-3
2018-06-05 18:20:06 status unpacked libedit2:amd64 3.1-20160903-3
2018-06-05 18:20:06 status unpacked libedit2:amd64 3.1-20160903-3
2018-06-05 18:20:06 install libicu57:amd64 <none> 57.1-6+deb9u2
2018-06-05 18:20:06 status half-installed libicu57:amd64 57.1-6+deb9u2
2018-06-05 18:20:07 status unpacked libicu57:amd64 57.1-6+deb9u2
2018-06-05 18:20:07 status unpacked libicu57:amd64 57.1-6+deb9u2
2018-06-05 18:20:07 install libxml2:amd64 <none> 2.9.4+dfsg1-2.2+deb9u2
2018-06-05 18:20:07 status half-installed libxml2:amd64 2.9.4+dfsg1-2.2+deb9u2
2018-06-05 18:20:07 status unpacked libxml2:amd64 2.9.4+dfsg1-2.2+deb9u2
2018-06-05 18:20:07 status unpacked libxml2:amd64 2.9.4+dfsg1-2.2+deb9u2
2018-06-05 18:20:07 install ucf:all <none> 3.0036
2018-06-05 18:20:07 status half-installed ucf:all 3.0036
2018-06-05 18:20:07 status unpacked ucf:all 3.0036
2018-06-05 18:20:07 status unpacked ucf:all 3.0036
2018-06-05 18:20:07 install fonts-dejavu-core:all <none> 2.37-1
2018-06-05 18:20:07 status half-installed fonts-dejavu-core:all 2.37-1
2018-06-05 18:20:07 status unpacked fonts-dejavu-core:all 2.37-1
2018-06-05 18:20:07 status unpacked fonts-dejavu-core:all 2.37-1
2018-06-05 18:20:07 install fontconfig-config:all <none> 2.11.0-6.7
2018-06-05 18:20:07 status half-installed fontconfig-config:all 2.11.0-6.7
2018-06-05 18:20:07 status unpacked fontconfig-config:all 2.11.0-6.7
2018-06-05 18:20:07 status unpacked fontconfig-config:all 2.11.0-6.7
2018-06-05 18:20:07 install libexpat1:amd64 <none> 2.2.0-2+deb9u1
2018-06-05 18:20:07 status half-installed libexpat1:amd64 2.2.0-2+deb9u1
2018-06-05 18:20:07 status unpacked libexpat1:amd64 2.2.0-2+deb9u1
2018-06-05 18:20:07 status unpacked libexpat1:amd64 2.2.0-2+deb9u1
2018-06-05 18:20:07 install libpng16-16:amd64 <none> 1.6.28-1
2018-06-05 18:20:07 status half-installed libpng16-16:amd64 1.6.28-1
2018-06-05 18:20:07 status unpacked libpng16-16:amd64 1.6.28-1
2018-06-05 18:20:07 status unpacked libpng16-16:amd64 1.6.28-1
2018-06-05 18:20:07 install libfreetype6:amd64 <none> 2.6.3-3.2
2018-06-05 18:20:07 status half-installed libfreetype6:amd64 2.6.3-3.2
2018-06-05 18:20:08 status unpacked libfreetype6:amd64 2.6.3-3.2
2018-06-05 18:20:08 status unpacked libfreetype6:amd64 2.6.3-3.2
2018-06-05 18:20:08 install libfontconfig1:amd64 <none> 2.11.0-6.7+b1
2018-06-05 18:20:08 status half-installed libfontconfig1:amd64 2.11.0-6.7+b1
2018-06-05 18:20:08 status unpacked libfontconfig1:amd64 2.11.0-6.7+b1
2018-06-05 18:20:08 status unpacked libfontconfig1:amd64 2.11.0-6.7+b1
2018-06-05 18:20:08 install libjpeg62-turbo:amd64 <none> 1:1.5.1-2
2018-06-05 18:20:08 status half-installed libjpeg62-turbo:amd64 1:1.5.1-2
2018-06-05 18:20:08 status unpacked libjpeg62-turbo:amd64 1:1.5.1-2
2018-06-05 18:20:08 status unpacked libjpeg62-turbo:amd64 1:1.5.1-2
2018-06-05 18:20:08 install libjbig0:amd64 <none> 2.1-3.1+b2
2018-06-05 18:20:08 status half-installed libjbig0:amd64 2.1-3.1+b2
2018-06-05 18:20:08 status unpacked libjbig0:amd64 2.1-3.1+b2
2018-06-05 18:20:08 status unpacked libjbig0:amd64 2.1-3.1+b2
2018-06-05 18:20:08 install libtiff5:amd64 <none> 4.0.8-2+deb9u2
2018-06-05 18:20:08 status half-installed libtiff5:amd64 4.0.8-2+deb9u2
2018-06-05 18:20:08 status unpacked libtiff5:amd64 4.0.8-2+deb9u2
2018-06-05 18:20:08 status unpacked libtiff5:amd64 4.0.8-2+deb9u2
2018-06-05 18:20:08 install libwebp6:amd64 <none> 0.5.2-1
2018-06-05 18:20:08 status half-installed libwebp6:amd64 0.5.2-1
2018-06-05 18:20:08 status unpacked libwebp6:amd64 0.5.2-1
2018-06-05 18:20:08 status unpacked libwebp6:amd64 0.5.2-1
2018-06-05 18:20:08 install libxdmcp6:amd64 <none> 1:1.1.2-3
2018-06-05 18:20:08 status half-installed libxdmcp6:amd64 1:1.1.2-3
2018-06-05 18:20:08 status unpacked libxdmcp6:amd64 1:1.1.2-3
2018-06-05 18:20:08 status unpacked libxdmcp6:amd64 1:1.1.2-3
2018-06-05 18:20:08 install libxcb1:amd64 <none> 1.12-1
2018-06-05 18:20:08 status half-installed libxcb1:amd64 1.12-1
2018-06-05 18:20:08 status unpacked libxcb1:amd64 1.12-1
2018-06-05 18:20:08 status unpacked libxcb1:amd64 1.12-1
2018-06-05 18:20:08 install libx11-data:all <none> 2:1.6.4-3
2018-06-05 18:20:08 status half-installed libx11-data:all 2:1.6.4-3
2018-06-05 18:20:08 status unpacked libx11-data:all 2:1.6.4-3
2018-06-05 18:20:08 status unpacked libx11-data:all 2:1.6.4-3
2018-06-05 18:20:08 install libx11-6:amd64 <none> 2:1.6.4-3
2018-06-05 18:20:08 status half-installed libx11-6:amd64 2:1.6.4-3
2018-06-05 18:20:08 status unpacked libx11-6:amd64 2:1.6.4-3
2018-06-05 18:20:08 status unpacked libx11-6:amd64 2:1.6.4-3
2018-06-05 18:20:08 install libxpm4:amd64 <none> 1:3.5.12-1
2018-06-05 18:20:08 status half-installed libxpm4:amd64 1:3.5.12-1
2018-06-05 18:20:08 status unpacked libxpm4:amd64 1:3.5.12-1
2018-06-05 18:20:08 status unpacked libxpm4:amd64 1:3.5.12-1
2018-06-05 18:20:08 install libgd3:amd64 <none> 2.2.4-2+deb9u2
2018-06-05 18:20:08 status half-installed libgd3:amd64 2.2.4-2+deb9u2
2018-06-05 18:20:08 status unpacked libgd3:amd64 2.2.4-2+deb9u2
2018-06-05 18:20:08 status unpacked libgd3:amd64 2.2.4-2+deb9u2
2018-06-05 18:20:08 install libgeoip1:amd64 <none> 1.6.9-4
2018-06-05 18:20:08 status half-installed libgeoip1:amd64 1.6.9-4
2018-06-05 18:20:08 status unpacked libgeoip1:amd64 1.6.9-4
2018-06-05 18:20:08 status unpacked libgeoip1:amd64 1.6.9-4
2018-06-05 18:20:08 install libxslt1.1:amd64 <none> 1.1.29-2.1
2018-06-05 18:20:08 status half-installed libxslt1.1:amd64 1.1.29-2.1
2018-06-05 18:20:08 status unpacked libxslt1.1:amd64 1.1.29-2.1
2018-06-05 18:20:08 status unpacked libxslt1.1:amd64 1.1.29-2.1
2018-06-05 18:20:08 install nginx:amd64 <none> 1.15.0-1~stretch
2018-06-05 18:20:08 status half-installed nginx:amd64 1.15.0-1~stretch
2018-06-05 18:20:09 status unpacked nginx:amd64 1.15.0-1~stretch
2018-06-05 18:20:09 status unpacked nginx:amd64 1.15.0-1~stretch
2018-06-05 18:20:09 install nginx-module-geoip:amd64 <none> 1.15.0-1~stretch
2018-06-05 18:20:09 status half-installed nginx-module-geoip:amd64 1.15.0-1~stretch
2018-06-05 18:20:09 status unpacked nginx-module-geoip:amd64 1.15.0-1~stretch
2018-06-05 18:20:09 status unpacked nginx-module-geoip:amd64 1.15.0-1~stretch
2018-06-05 18:20:09 install nginx-module-image-filter:amd64 <none> 1.15.0-1~stretch
2018-06-05 18:20:09 status half-installed nginx-module-image-filter:amd64 1.15.0-1~stretch
2018-06-05 18:20:09 status unpacked nginx-module-image-filter:amd64 1.15.0-1~stretch
2018-06-05 18:20:09 status unpacked nginx-module-image-filter:amd64 1.15.0-1~stretch
2018-06-05 18:20:09 install nginx-module-njs:amd64 <none> 1.15.0.0.2.1-1~stretch
2018-06-05 18:20:09 status half-installed nginx-module-njs:amd64 1.15.0.0.2.1-1~stretch
2018-06-05 18:20:09 status unpacked nginx-module-njs:amd64 1.15.0.0.2.1-1~stretch
2018-06-05 18:20:09 status unpacked nginx-module-njs:amd64 1.15.0.0.2.1-1~stretch
2018-06-05 18:20:09 install nginx-module-xslt:amd64 <none> 1.15.0-1~stretch
2018-06-05 18:20:09 status half-installed nginx-module-xslt:amd64 1.15.0-1~stretch
2018-06-05 18:20:09 status unpacked nginx-module-xslt:amd64 1.15.0-1~stretch
2018-06-05 18:20:09 status unpacked nginx-module-xslt:amd64 1.15.0-1~stretch
2018-06-05 18:20:09 startup packages configure
2018-06-05 18:20:09 configure libncurses5:amd64 6.0+20161126-1+deb9u2 <none>
2018-06-05 18:20:09 status unpacked libncurses5:amd64 6.0+20161126-1+deb9u2
2018-06-05 18:20:09 status half-configured libncurses5:amd64 6.0+20161126-1+deb9u2
2018-06-05 18:20:09 status installed libncurses5:amd64 6.0+20161126-1+deb9u2
2018-06-05 18:20:09 configure libexpat1:amd64 2.2.0-2+deb9u1 <none>
2018-06-05 18:20:09 status unpacked libexpat1:amd64 2.2.0-2+deb9u1
2018-06-05 18:20:09 status half-configured libexpat1:amd64 2.2.0-2+deb9u1
2018-06-05 18:20:09 status installed libexpat1:amd64 2.2.0-2+deb9u1
2018-06-05 18:20:09 configure libjpeg62-turbo:amd64 1:1.5.1-2 <none>
2018-06-05 18:20:09 status unpacked libjpeg62-turbo:amd64 1:1.5.1-2
2018-06-05 18:20:09 status half-configured libjpeg62-turbo:amd64 1:1.5.1-2
2018-06-05 18:20:09 status installed libjpeg62-turbo:amd64 1:1.5.1-2
2018-06-05 18:20:09 configure libpng16-16:amd64 1.6.28-1 <none>
2018-06-05 18:20:09 status unpacked libpng16-16:amd64 1.6.28-1
2018-06-05 18:20:09 status half-configured libpng16-16:amd64 1.6.28-1
2018-06-05 18:20:09 status installed libpng16-16:amd64 1.6.28-1
2018-06-05 18:20:09 configure libjbig0:amd64 2.1-3.1+b2 <none>
2018-06-05 18:20:09 status unpacked libjbig0:amd64 2.1-3.1+b2
2018-06-05 18:20:09 status half-configured libjbig0:amd64 2.1-3.1+b2
2018-06-05 18:20:09 status installed libjbig0:amd64 2.1-3.1+b2
2018-06-05 18:20:09 configure fonts-dejavu-core:all 2.37-1 <none>
2018-06-05 18:20:09 status unpacked fonts-dejavu-core:all 2.37-1
2018-06-05 18:20:09 status unpacked fonts-dejavu-core:all 2.37-1
2018-06-05 18:20:09 status unpacked fonts-dejavu-core:all 2.37-1
2018-06-05 18:20:09 status unpacked fonts-dejavu-core:all 2.37-1
2018-06-05 18:20:09 status unpacked fonts-dejavu-core:all 2.37-1
2018-06-05 18:20:09 status unpacked fonts-dejavu-core:all 2.37-1
2018-06-05 18:20:09 status unpacked fonts-dejavu-core:all 2.37-1
2018-06-05 18:20:09 status unpacked fonts-dejavu-core:all 2.37-1
2018-06-05 18:20:09 status unpacked fonts-dejavu-core:all 2.37-1
2018-06-05 18:20:09 status unpacked fonts-dejavu-core:all 2.37-1
2018-06-05 18:20:09 status unpacked fonts-dejavu-core:all 2.37-1
2018-06-05 18:20:09 status unpacked fonts-dejavu-core:all 2.37-1
2018-06-05 18:20:09 status unpacked fonts-dejavu-core:all 2.37-1
2018-06-05 18:20:09 status half-configured fonts-dejavu-core:all 2.37-1
2018-06-05 18:20:09 status installed fonts-dejavu-core:all 2.37-1
2018-06-05 18:20:09 configure libtiff5:amd64 4.0.8-2+deb9u2 <none>
2018-06-05 18:20:09 status unpacked libtiff5:amd64 4.0.8-2+deb9u2
2018-06-05 18:20:09 status half-configured libtiff5:amd64 4.0.8-2+deb9u2
2018-06-05 18:20:09 status installed libtiff5:amd64 4.0.8-2+deb9u2
2018-06-05 18:20:09 configure gettext-base:amd64 0.19.8.1-2 <none>
2018-06-05 18:20:09 status unpacked gettext-base:amd64 0.19.8.1-2
2018-06-05 18:20:09 status half-configured gettext-base:amd64 0.19.8.1-2
2018-06-05 18:20:09 status installed gettext-base:amd64 0.19.8.1-2
2018-06-05 18:20:09 configure libgeoip1:amd64 1.6.9-4 <none>
2018-06-05 18:20:09 status unpacked libgeoip1:amd64 1.6.9-4
2018-06-05 18:20:09 status half-configured libgeoip1:amd64 1.6.9-4
2018-06-05 18:20:09 status installed libgeoip1:amd64 1.6.9-4
2018-06-05 18:20:09 configure libicu57:amd64 57.1-6+deb9u2 <none>
2018-06-05 18:20:09 status unpacked libicu57:amd64 57.1-6+deb9u2
2018-06-05 18:20:09 status half-configured libicu57:amd64 57.1-6+deb9u2
2018-06-05 18:20:09 status installed libicu57:amd64 57.1-6+deb9u2
2018-06-05 18:20:09 configure libbsd0:amd64 0.8.3-1 <none>
2018-06-05 18:20:09 status unpacked libbsd0:amd64 0.8.3-1
2018-06-05 18:20:09 status half-configured libbsd0:amd64 0.8.3-1
2018-06-05 18:20:09 status installed libbsd0:amd64 0.8.3-1
2018-06-05 18:20:09 configure ucf:all 3.0036 <none>
2018-06-05 18:20:09 status unpacked ucf:all 3.0036
2018-06-05 18:20:09 status unpacked ucf:all 3.0036
2018-06-05 18:20:09 status half-configured ucf:all 3.0036
2018-06-05 18:20:09 status installed ucf:all 3.0036
2018-06-05 18:20:09 configure libxml2:amd64 2.9.4+dfsg1-2.2+deb9u2 <none>
2018-06-05 18:20:09 status unpacked libxml2:amd64 2.9.4+dfsg1-2.2+deb9u2
2018-06-05 18:20:09 status half-configured libxml2:amd64 2.9.4+dfsg1-2.2+deb9u2
2018-06-05 18:20:09 status installed libxml2:amd64 2.9.4+dfsg1-2.2+deb9u2
2018-06-05 18:20:09 configure nginx:amd64 1.15.0-1~stretch <none>
2018-06-05 18:20:09 status unpacked nginx:amd64 1.15.0-1~stretch
2018-06-05 18:20:09 status unpacked nginx:amd64 1.15.0-1~stretch
2018-06-05 18:20:09 status unpacked nginx:amd64 1.15.0-1~stretch
2018-06-05 18:20:09 status unpacked nginx:amd64 1.15.0-1~stretch
2018-06-05 18:20:09 status unpacked nginx:amd64 1.15.0-1~stretch
2018-06-05 18:20:09 status unpacked nginx:amd64 1.15.0-1~stretch
2018-06-05 18:20:09 status unpacked nginx:amd64 1.15.0-1~stretch
2018-06-05 18:20:09 status unpacked nginx:amd64 1.15.0-1~stretch
2018-06-05 18:20:09 status unpacked nginx:amd64 1.15.0-1~stretch
2018-06-05 18:20:09 status unpacked nginx:amd64 1.15.0-1~stretch
2018-06-05 18:20:09 status unpacked nginx:amd64 1.15.0-1~stretch
2018-06-05 18:20:09 status unpacked nginx:amd64 1.15.0-1~stretch
2018-06-05 18:20:09 status unpacked nginx:amd64 1.15.0-1~stretch
2018-06-05 18:20:09 status unpacked nginx:amd64 1.15.0-1~stretch
2018-06-05 18:20:09 status unpacked nginx:amd64 1.15.0-1~stretch
2018-06-05 18:20:09 status half-configured nginx:amd64 1.15.0-1~stretch
2018-06-05 18:20:09 status installed nginx:amd64 1.15.0-1~stretch
2018-06-05 18:20:09 configure libfreetype6:amd64 2.6.3-3.2 <none>
2018-06-05 18:20:09 status unpacked libfreetype6:amd64 2.6.3-3.2
2018-06-05 18:20:09 status half-configured libfreetype6:amd64 2.6.3-3.2
2018-06-05 18:20:09 status installed libfreetype6:amd64 2.6.3-3.2
2018-06-05 18:20:09 configure libxslt1.1:amd64 1.1.29-2.1 <none>
2018-06-05 18:20:09 status unpacked libxslt1.1:amd64 1.1.29-2.1
2018-06-05 18:20:09 status half-configured libxslt1.1:amd64 1.1.29-2.1
2018-06-05 18:20:09 status installed libxslt1.1:amd64 1.1.29-2.1
2018-06-05 18:20:09 trigproc libc-bin:amd64 2.24-11+deb9u3 <none>
2018-06-05 18:20:09 status half-configured libc-bin:amd64 2.24-11+deb9u3
2018-06-05 18:20:09 status installed libc-bin:amd64 2.24-11+deb9u3
2018-06-05 18:20:09 configure nginx-module-xslt:amd64 1.15.0-1~stretch <none>
2018-06-05 18:20:09 status unpacked nginx-module-xslt:amd64 1.15.0-1~stretch
2018-06-05 18:20:09 status half-configured nginx-module-xslt:amd64 1.15.0-1~stretch
2018-06-05 18:20:09 status installed nginx-module-xslt:amd64 1.15.0-1~stretch
2018-06-05 18:20:09 configure libxdmcp6:amd64 1:1.1.2-3 <none>
2018-06-05 18:20:09 status triggers-pending libc-bin:amd64 2.24-11+deb9u3
2018-06-05 18:20:09 status unpacked libxdmcp6:amd64 1:1.1.2-3
2018-06-05 18:20:09 status half-configured libxdmcp6:amd64 1:1.1.2-3
2018-06-05 18:20:09 status installed libxdmcp6:amd64 1:1.1.2-3
2018-06-05 18:20:09 configure libx11-data:all 2:1.6.4-3 <none>
2018-06-05 18:20:09 status unpacked libx11-data:all 2:1.6.4-3
2018-06-05 18:20:09 status half-configured libx11-data:all 2:1.6.4-3
2018-06-05 18:20:09 status installed libx11-data:all 2:1.6.4-3
2018-06-05 18:20:09 configure libxau6:amd64 1:1.0.8-1 <none>
2018-06-05 18:20:09 status unpacked libxau6:amd64 1:1.0.8-1
2018-06-05 18:20:09 status half-configured libxau6:amd64 1:1.0.8-1
2018-06-05 18:20:09 status installed libxau6:amd64 1:1.0.8-1
2018-06-05 18:20:09 configure libwebp6:amd64 0.5.2-1 <none>
2018-06-05 18:20:09 status unpacked libwebp6:amd64 0.5.2-1
2018-06-05 18:20:09 status half-configured libwebp6:amd64 0.5.2-1
2018-06-05 18:20:09 status installed libwebp6:amd64 0.5.2-1
2018-06-05 18:20:09 configure libedit2:amd64 3.1-20160903-3 <none>
2018-06-05 18:20:09 status unpacked libedit2:amd64 3.1-20160903-3
2018-06-05 18:20:09 status half-configured libedit2:amd64 3.1-20160903-3
2018-06-05 18:20:09 status installed libedit2:amd64 3.1-20160903-3
2018-06-05 18:20:09 configure fontconfig-config:all 2.11.0-6.7 <none>
2018-06-05 18:20:09 status unpacked fontconfig-config:all 2.11.0-6.7
2018-06-05 18:20:09 status unpacked fontconfig-config:all 2.11.0-6.7
2018-06-05 18:20:09 status unpacked fontconfig-config:all 2.11.0-6.7
2018-06-05 18:20:09 status half-configured fontconfig-config:all 2.11.0-6.7
2018-06-05 18:20:10 status installed fontconfig-config:all 2.11.0-6.7
2018-06-05 18:20:10 configure nginx-module-njs:amd64 1.15.0.0.2.1-1~stretch <none>
2018-06-05 18:20:10 status unpacked nginx-module-njs:amd64 1.15.0.0.2.1-1~stretch
2018-06-05 18:20:10 status half-configured nginx-module-njs:amd64 1.15.0.0.2.1-1~stretch
2018-06-05 18:20:10 status installed nginx-module-njs:amd64 1.15.0.0.2.1-1~stretch
2018-06-05 18:20:10 configure nginx-module-geoip:amd64 1.15.0-1~stretch <none>
2018-06-05 18:20:10 status unpacked nginx-module-geoip:amd64 1.15.0-1~stretch
2018-06-05 18:20:10 status half-configured nginx-module-geoip:amd64 1.15.0-1~stretch
2018-06-05 18:20:10 status installed nginx-module-geoip:amd64 1.15.0-1~stretch
2018-06-05 18:20:10 configure libxcb1:amd64 1.12-1 <none>
2018-06-05 18:20:10 status unpacked libxcb1:amd64 1.12-1
2018-06-05 18:20:10 status half-configured libxcb1:amd64 1.12-1
2018-06-05 18:20:10 status installed libxcb1:amd64 1.12-1
2018-06-05 18:20:10 configure libfontconfig1:amd64 2.11.0-6.7+b1 <none>
2018-06-05 18:20:10 status unpacked libfontconfig1:amd64 2.11.0-6.7+b1
2018-06-05 18:20:10 status half-configured libfontconfig1:amd64 2.11.0-6.7+b1
2018-06-05 18:20:10 status installed libfontconfig1:amd64 2.11.0-6.7+b1
2018-06-05 18:20:10 configure libx11-6:amd64 2:1.6.4-3 <none>
2018-06-05 18:20:10 status unpacked libx11-6:amd64 2:1.6.4-3
2018-06-05 18:20:10 status half-configured libx11-6:amd64 2:1.6.4-3
2018-06-05 18:20:10 status installed libx11-6:amd64 2:1.6.4-3
2018-06-05 18:20:10 configure libxpm4:amd64 1:3.5.12-1 <none>
2018-06-05 18:20:10 status unpacked libxpm4:amd64 1:3.5.12-1
2018-06-05 18:20:10 status half-configured libxpm4:amd64 1:3.5.12-1
2018-06-05 18:20:10 status installed libxpm4:amd64 1:3.5.12-1
2018-06-05 18:20:10 configure libgd3:amd64 2.2.4-2+deb9u2 <none>
2018-06-05 18:20:10 status unpacked libgd3:amd64 2.2.4-2+deb9u2
2018-06-05 18:20:10 status half-configured libgd3:amd64 2.2.4-2+deb9u2
2018-06-05 18:20:10 status installed libgd3:amd64 2.2.4-2+deb9u2
2018-06-05 18:20:10 configure nginx-module-image-filter:amd64 1.15.0-1~stretch <none>
2018-06-05 18:20:10 status unpacked nginx-module-image-filter:amd64 1.15.0-1~stretch
2018-06-05 18:20:10 status half-configured nginx-module-image-filter:amd64 1.15.0-1~stretch
2018-06-05 18:20:10 status installed nginx-module-image-filter:amd64 1.15.0-1~stretch
2018-06-05 18:20:10 trigproc libc-bin:amd64 2.24-11+deb9u3 <none>
2018-06-05 18:20:10 status half-configured libc-bin:amd64 2.24-11+deb9u3
2018-06-05 18:20:10 status installed libc-bin:amd64 2.24-11+deb9u3
2018-06-05 18:20:11 startup packages remove
2018-06-05 18:20:11 status installed apt-transport-https:amd64 1.4.8
2018-06-05 18:20:11 remove apt-transport-https:amd64 1.4.8 <none>
2018-06-05 18:20:11 status half-configured apt-transport-https:amd64 1.4.8
2018-06-05 18:20:11 status half-installed apt-transport-https:amd64 1.4.8
2018-06-05 18:20:11 status config-files apt-transport-https:amd64 1.4.8
2018-06-05 18:20:11 status config-files apt-transport-https:amd64 1.4.8
2018-06-05 18:20:11 status config-files apt-transport-https:amd64 1.4.8
2018-06-05 18:20:11 status not-installed apt-transport-https:amd64 <none>
2018-06-05 18:20:11 status installed ca-certificates:all 20161130+nmu1
2018-06-05 18:20:11 remove ca-certificates:all 20161130+nmu1 <none>
2018-06-05 18:20:11 status half-configured ca-certificates:all 20161130+nmu1
2018-06-05 18:20:11 status half-installed ca-certificates:all 20161130+nmu1
2018-06-05 18:20:11 status config-files ca-certificates:all 20161130+nmu1
2018-06-05 18:20:11 status config-files ca-certificates:all 20161130+nmu1
2018-06-05 18:20:11 status installed libcurl3-gnutls:amd64 7.52.1-5+deb9u6
2018-06-05 18:20:11 remove libcurl3-gnutls:amd64 7.52.1-5+deb9u6 <none>
2018-06-05 18:20:11 status triggers-pending libc-bin:amd64 2.24-11+deb9u3
2018-06-05 18:20:11 status half-configured libcurl3-gnutls:amd64 7.52.1-5+deb9u6
2018-06-05 18:20:11 status half-installed libcurl3-gnutls:amd64 7.52.1-5+deb9u6
2018-06-05 18:20:11 status config-files libcurl3-gnutls:amd64 7.52.1-5+deb9u6
2018-06-05 18:20:11 status config-files libcurl3-gnutls:amd64 7.52.1-5+deb9u6
2018-06-05 18:20:11 status config-files libcurl3-gnutls:amd64 7.52.1-5+deb9u6
2018-06-05 18:20:11 status not-installed libcurl3-gnutls:amd64 <none>
2018-06-05 18:20:11 status installed librtmp1:amd64 2.4+20151223.gitfa8646d.1-1+b1
2018-06-05 18:20:11 remove librtmp1:amd64 2.4+20151223.gitfa8646d.1-1+b1 <none>
2018-06-05 18:20:11 status half-configured librtmp1:amd64 2.4+20151223.gitfa8646d.1-1+b1
2018-06-05 18:20:11 status half-installed librtmp1:amd64 2.4+20151223.gitfa8646d.1-1+b1
2018-06-05 18:20:11 status config-files librtmp1:amd64 2.4+20151223.gitfa8646d.1-1+b1
2018-06-05 18:20:11 status config-files librtmp1:amd64 2.4+20151223.gitfa8646d.1-1+b1
2018-06-05 18:20:11 status config-files librtmp1:amd64 2.4+20151223.gitfa8646d.1-1+b1
2018-06-05 18:20:11 status not-installed librtmp1:amd64 <none>
2018-06-05 18:20:11 status installed libldap-2.4-2:amd64 2.4.44+dfsg-5+deb9u1
2018-06-05 18:20:11 remove libldap-2.4-2:amd64 2.4.44+dfsg-5+deb9u1 <none>
2018-06-05 18:20:11 status half-configured libldap-2.4-2:amd64 2.4.44+dfsg-5+deb9u1
2018-06-05 18:20:11 status half-installed libldap-2.4-2:amd64 2.4.44+dfsg-5+deb9u1
2018-06-05 18:20:11 status config-files libldap-2.4-2:amd64 2.4.44+dfsg-5+deb9u1
2018-06-05 18:20:11 status config-files libldap-2.4-2:amd64 2.4.44+dfsg-5+deb9u1
2018-06-05 18:20:11 status config-files libldap-2.4-2:amd64 2.4.44+dfsg-5+deb9u1
2018-06-05 18:20:11 status not-installed libldap-2.4-2:amd64 <none>
2018-06-05 18:20:11 status installed libgnutls30:amd64 3.5.8-5+deb9u3
2018-06-05 18:20:11 remove libgnutls30:amd64 3.5.8-5+deb9u3 <none>
2018-06-05 18:20:11 status half-configured libgnutls30:amd64 3.5.8-5+deb9u3
2018-06-05 18:20:11 status half-installed libgnutls30:amd64 3.5.8-5+deb9u3
2018-06-05 18:20:11 status config-files libgnutls30:amd64 3.5.8-5+deb9u3
2018-06-05 18:20:11 status config-files libgnutls30:amd64 3.5.8-5+deb9u3
2018-06-05 18:20:11 status config-files libgnutls30:amd64 3.5.8-5+deb9u3
2018-06-05 18:20:11 status not-installed libgnutls30:amd64 <none>
2018-06-05 18:20:11 status installed libp11-kit0:amd64 0.23.3-2
2018-06-05 18:20:11 remove libp11-kit0:amd64 0.23.3-2 <none>
2018-06-05 18:20:11 status half-configured libp11-kit0:amd64 0.23.3-2
2018-06-05 18:20:11 status half-installed libp11-kit0:amd64 0.23.3-2
2018-06-05 18:20:11 status config-files libp11-kit0:amd64 0.23.3-2
2018-06-05 18:20:11 status config-files libp11-kit0:amd64 0.23.3-2
2018-06-05 18:20:11 status config-files libp11-kit0:amd64 0.23.3-2
2018-06-05 18:20:11 status not-installed libp11-kit0:amd64 <none>
2018-06-05 18:20:11 status installed libffi6:amd64 3.2.1-6
2018-06-05 18:20:11 remove libffi6:amd64 3.2.1-6 <none>
2018-06-05 18:20:11 status half-configured libffi6:amd64 3.2.1-6
2018-06-05 18:20:11 status half-installed libffi6:amd64 3.2.1-6
2018-06-05 18:20:11 status config-files libffi6:amd64 3.2.1-6
2018-06-05 18:20:11 status config-files libffi6:amd64 3.2.1-6
2018-06-05 18:20:11 status config-files libffi6:amd64 3.2.1-6
2018-06-05 18:20:11 status not-installed libffi6:amd64 <none>
2018-06-05 18:20:11 status installed libhogweed4:amd64 3.3-1+b2
2018-06-05 18:20:11 remove libhogweed4:amd64 3.3-1+b2 <none>
2018-06-05 18:20:11 status half-configured libhogweed4:amd64 3.3-1+b2
2018-06-05 18:20:11 status half-installed libhogweed4:amd64 3.3-1+b2
2018-06-05 18:20:11 status config-files libhogweed4:amd64 3.3-1+b2
2018-06-05 18:20:11 status config-files libhogweed4:amd64 3.3-1+b2
2018-06-05 18:20:11 status config-files libhogweed4:amd64 3.3-1+b2
2018-06-05 18:20:11 status not-installed libhogweed4:amd64 <none>
2018-06-05 18:20:11 status installed libgmp10:amd64 2:6.1.2+dfsg-1
2018-06-05 18:20:11 remove libgmp10:amd64 2:6.1.2+dfsg-1 <none>
2018-06-05 18:20:11 status half-configured libgmp10:amd64 2:6.1.2+dfsg-1
2018-06-05 18:20:11 status half-installed libgmp10:amd64 2:6.1.2+dfsg-1
2018-06-05 18:20:11 status config-files libgmp10:amd64 2:6.1.2+dfsg-1
2018-06-05 18:20:11 status config-files libgmp10:amd64 2:6.1.2+dfsg-1
2018-06-05 18:20:11 status config-files libgmp10:amd64 2:6.1.2+dfsg-1
2018-06-05 18:20:11 status not-installed libgmp10:amd64 <none>
2018-06-05 18:20:11 status installed libgssapi-krb5-2:amd64 1.15-1+deb9u1
2018-06-05 18:20:11 remove libgssapi-krb5-2:amd64 1.15-1+deb9u1 <none>
2018-06-05 18:20:11 status half-configured libgssapi-krb5-2:amd64 1.15-1+deb9u1
2018-06-05 18:20:11 status half-installed libgssapi-krb5-2:amd64 1.15-1+deb9u1
2018-06-05 18:20:11 status config-files libgssapi-krb5-2:amd64 1.15-1+deb9u1
2018-06-05 18:20:11 status config-files libgssapi-krb5-2:amd64 1.15-1+deb9u1
2018-06-05 18:20:11 status installed libidn11:amd64 1.33-1
2018-06-05 18:20:11 remove libidn11:amd64 1.33-1 <none>
2018-06-05 18:20:11 status half-configured libidn11:amd64 1.33-1
2018-06-05 18:20:11 status half-installed libidn11:amd64 1.33-1
2018-06-05 18:20:11 status config-files libidn11:amd64 1.33-1
2018-06-05 18:20:11 status config-files libidn11:amd64 1.33-1
2018-06-05 18:20:11 status config-files libidn11:amd64 1.33-1
2018-06-05 18:20:11 status not-installed libidn11:amd64 <none>
2018-06-05 18:20:11 status installed libpsl5:amd64 0.17.0-3
2018-06-05 18:20:11 remove libpsl5:amd64 0.17.0-3 <none>
2018-06-05 18:20:11 status half-configured libpsl5:amd64 0.17.0-3
2018-06-05 18:20:11 status half-installed libpsl5:amd64 0.17.0-3
2018-06-05 18:20:11 status config-files libpsl5:amd64 0.17.0-3
2018-06-05 18:20:11 status config-files libpsl5:amd64 0.17.0-3
2018-06-05 18:20:11 status config-files libpsl5:amd64 0.17.0-3
2018-06-05 18:20:11 status not-installed libpsl5:amd64 <none>
2018-06-05 18:20:11 status installed libidn2-0:amd64 0.16-1+deb9u1
2018-06-05 18:20:11 remove libidn2-0:amd64 0.16-1+deb9u1 <none>
2018-06-05 18:20:11 status half-configured libidn2-0:amd64 0.16-1+deb9u1
2018-06-05 18:20:11 status half-installed libidn2-0:amd64 0.16-1+deb9u1
2018-06-05 18:20:11 status config-files libidn2-0:amd64 0.16-1+deb9u1
2018-06-05 18:20:11 status config-files libidn2-0:amd64 0.16-1+deb9u1
2018-06-05 18:20:11 status config-files libidn2-0:amd64 0.16-1+deb9u1
2018-06-05 18:20:11 status not-installed libidn2-0:amd64 <none>
2018-06-05 18:20:11 status installed libkrb5-3:amd64 1.15-1+deb9u1
2018-06-05 18:20:11 remove libkrb5-3:amd64 1.15-1+deb9u1 <none>
2018-06-05 18:20:11 status half-configured libkrb5-3:amd64 1.15-1+deb9u1
2018-06-05 18:20:11 status half-installed libkrb5-3:amd64 1.15-1+deb9u1
2018-06-05 18:20:11 status config-files libkrb5-3:amd64 1.15-1+deb9u1
2018-06-05 18:20:11 status config-files libkrb5-3:amd64 1.15-1+deb9u1
2018-06-05 18:20:11 status config-files libkrb5-3:amd64 1.15-1+deb9u1
2018-06-05 18:20:11 status not-installed libkrb5-3:amd64 <none>
2018-06-05 18:20:11 status installed libk5crypto3:amd64 1.15-1+deb9u1
2018-06-05 18:20:11 remove libk5crypto3:amd64 1.15-1+deb9u1 <none>
2018-06-05 18:20:11 status half-configured libk5crypto3:amd64 1.15-1+deb9u1
2018-06-05 18:20:11 status half-installed libk5crypto3:amd64 1.15-1+deb9u1
2018-06-05 18:20:11 status config-files libk5crypto3:amd64 1.15-1+deb9u1
2018-06-05 18:20:11 status config-files libk5crypto3:amd64 1.15-1+deb9u1
2018-06-05 18:20:11 status config-files libk5crypto3:amd64 1.15-1+deb9u1
2018-06-05 18:20:11 status not-installed libk5crypto3:amd64 <none>
2018-06-05 18:20:11 status installed libkrb5support0:amd64 1.15-1+deb9u1
2018-06-05 18:20:11 remove libkrb5support0:amd64 1.15-1+deb9u1 <none>
2018-06-05 18:20:11 status half-configured libkrb5support0:amd64 1.15-1+deb9u1
2018-06-05 18:20:11 status half-installed libkrb5support0:amd64 1.15-1+deb9u1
2018-06-05 18:20:11 status config-files libkrb5support0:amd64 1.15-1+deb9u1
2018-06-05 18:20:11 status config-files libkrb5support0:amd64 1.15-1+deb9u1
2018-06-05 18:20:11 status config-files libkrb5support0:amd64 1.15-1+deb9u1
2018-06-05 18:20:11 status not-installed libkrb5support0:amd64 <none>
2018-06-05 18:20:11 status installed libkeyutils1:amd64 1.5.9-9
2018-06-05 18:20:11 remove libkeyutils1:amd64 1.5.9-9 <none>
2018-06-05 18:20:11 status half-configured libkeyutils1:amd64 1.5.9-9
2018-06-05 18:20:11 status half-installed libkeyutils1:amd64 1.5.9-9
2018-06-05 18:20:11 status config-files libkeyutils1:amd64 1.5.9-9
2018-06-05 18:20:11 status config-files libkeyutils1:amd64 1.5.9-9
2018-06-05 18:20:11 status config-files libkeyutils1:amd64 1.5.9-9
2018-06-05 18:20:11 status not-installed libkeyutils1:amd64 <none>
2018-06-05 18:20:11 status installed libldap-common:all 2.4.44+dfsg-5+deb9u1
2018-06-05 18:20:11 remove libldap-common:all 2.4.44+dfsg-5+deb9u1 <none>
2018-06-05 18:20:11 status half-configured libldap-common:all 2.4.44+dfsg-5+deb9u1
2018-06-05 18:20:11 status half-installed libldap-common:all 2.4.44+dfsg-5+deb9u1
2018-06-05 18:20:11 status config-files libldap-common:all 2.4.44+dfsg-5+deb9u1
2018-06-05 18:20:11 status config-files libldap-common:all 2.4.44+dfsg-5+deb9u1
2018-06-05 18:20:11 status installed libnettle6:amd64 3.3-1+b2
2018-06-05 18:20:11 remove libnettle6:amd64 3.3-1+b2 <none>
2018-06-05 18:20:11 status half-configured libnettle6:amd64 3.3-1+b2
2018-06-05 18:20:11 status half-installed libnettle6:amd64 3.3-1+b2
2018-06-05 18:20:11 status config-files libnettle6:amd64 3.3-1+b2
2018-06-05 18:20:11 status config-files libnettle6:amd64 3.3-1+b2
2018-06-05 18:20:11 status config-files libnettle6:amd64 3.3-1+b2
2018-06-05 18:20:11 status not-installed libnettle6:amd64 <none>
2018-06-05 18:20:11 status installed libnghttp2-14:amd64 1.18.1-1
2018-06-05 18:20:11 remove libnghttp2-14:amd64 1.18.1-1 <none>
2018-06-05 18:20:11 status half-configured libnghttp2-14:amd64 1.18.1-1
2018-06-05 18:20:11 status half-installed libnghttp2-14:amd64 1.18.1-1
2018-06-05 18:20:11 status config-files libnghttp2-14:amd64 1.18.1-1
2018-06-05 18:20:11 status config-files libnghttp2-14:amd64 1.18.1-1
2018-06-05 18:20:11 status config-files libnghttp2-14:amd64 1.18.1-1
2018-06-05 18:20:11 status not-installed libnghttp2-14:amd64 <none>
2018-06-05 18:20:11 status installed libsasl2-2:amd64 2.1.27~101-g0780600+dfsg-3
2018-06-05 18:20:11 remove libsasl2-2:amd64 2.1.27~101-g0780600+dfsg-3 <none>
2018-06-05 18:20:11 status half-configured libsasl2-2:amd64 2.1.27~101-g0780600+dfsg-3
2018-06-05 18:20:11 status half-installed libsasl2-2:amd64 2.1.27~101-g0780600+dfsg-3
2018-06-05 18:20:11 status config-files libsasl2-2:amd64 2.1.27~101-g0780600+dfsg-3
2018-06-05 18:20:11 status config-files libsasl2-2:amd64 2.1.27~101-g0780600+dfsg-3
2018-06-05 18:20:11 status config-files libsasl2-2:amd64 2.1.27~101-g0780600+dfsg-3
2018-06-05 18:20:11 status not-installed libsasl2-2:amd64 <none>
2018-06-05 18:20:11 status installed libsasl2-modules-db:amd64 2.1.27~101-g0780600+dfsg-3
2018-06-05 18:20:11 remove libsasl2-modules-db:amd64 2.1.27~101-g0780600+dfsg-3 <none>
2018-06-05 18:20:11 status half-configured libsasl2-modules-db:amd64 2.1.27~101-g0780600+dfsg-3
2018-06-05 18:20:11 status half-installed libsasl2-modules-db:amd64 2.1.27~101-g0780600+dfsg-3
2018-06-05 18:20:11 status config-files libsasl2-modules-db:amd64 2.1.27~101-g0780600+dfsg-3
2018-06-05 18:20:11 status config-files libsasl2-modules-db:amd64 2.1.27~101-g0780600+dfsg-3
2018-06-05 18:20:11 status config-files libsasl2-modules-db:amd64 2.1.27~101-g0780600+dfsg-3
2018-06-05 18:20:11 status not-installed libsasl2-modules-db:amd64 <none>
2018-06-05 18:20:11 status installed libssh2-1:amd64 1.7.0-1
2018-06-05 18:20:11 remove libssh2-1:amd64 1.7.0-1 <none>
2018-06-05 18:20:11 status half-configured libssh2-1:amd64 1.7.0-1
2018-06-05 18:20:11 status half-installed libssh2-1:amd64 1.7.0-1
2018-06-05 18:20:11 status config-files libssh2-1:amd64 1.7.0-1
2018-06-05 18:20:11 status config-files libssh2-1:amd64 1.7.0-1
2018-06-05 18:20:11 status config-files libssh2-1:amd64 1.7.0-1
2018-06-05 18:20:12 status not-installed libssh2-1:amd64 <none>
2018-06-05 18:20:12 status installed libtasn1-6:amd64 4.10-1.1+deb9u1
2018-06-05 18:20:12 remove libtasn1-6:amd64 4.10-1.1+deb9u1 <none>
2018-06-05 18:20:12 status half-configured libtasn1-6:amd64 4.10-1.1+deb9u1
2018-06-05 18:20:12 status half-installed libtasn1-6:amd64 4.10-1.1+deb9u1
2018-06-05 18:20:12 status config-files libtasn1-6:amd64 4.10-1.1+deb9u1
2018-06-05 18:20:12 status config-files libtasn1-6:amd64 4.10-1.1+deb9u1
2018-06-05 18:20:12 status config-files libtasn1-6:amd64 4.10-1.1+deb9u1
2018-06-05 18:20:12 status not-installed libtasn1-6:amd64 <none>
2018-06-05 18:20:12 status installed libunistring0:amd64 0.9.6+really0.9.3-0.1
2018-06-05 18:20:12 remove libunistring0:amd64 0.9.6+really0.9.3-0.1 <none>
2018-06-05 18:20:12 status half-configured libunistring0:amd64 0.9.6+really0.9.3-0.1
2018-06-05 18:20:12 status half-installed libunistring0:amd64 0.9.6+really0.9.3-0.1
2018-06-05 18:20:12 status config-files libunistring0:amd64 0.9.6+really0.9.3-0.1
2018-06-05 18:20:12 status config-files libunistring0:amd64 0.9.6+really0.9.3-0.1
2018-06-05 18:20:12 status config-files libunistring0:amd64 0.9.6+really0.9.3-0.1
2018-06-05 18:20:12 status not-installed libunistring0:amd64 <none>
2018-06-05 18:20:12 status installed openssl:amd64 1.1.0f-3+deb9u2
2018-06-05 18:20:12 remove openssl:amd64 1.1.0f-3+deb9u2 <none>
2018-06-05 18:20:12 status half-configured openssl:amd64 1.1.0f-3+deb9u2
2018-06-05 18:20:12 status half-installed openssl:amd64 1.1.0f-3+deb9u2
2018-06-05 18:20:12 status config-files openssl:amd64 1.1.0f-3+deb9u2
2018-06-05 18:20:12 status config-files openssl:amd64 1.1.0f-3+deb9u2
2018-06-05 18:20:12 startup packages configure
2018-06-05 18:20:12 trigproc libc-bin:amd64 2.24-11+deb9u3 <none>
2018-06-05 18:20:12 status half-configured libc-bin:amd64 2.24-11+deb9u3
2018-06-05 18:20:12 status installed libc-bin:amd64 2.24-11+deb9u3
2018-06-05 18:20:12 startup packages purge
2018-06-05 18:20:12 purge libldap-common:all 2.4.44+dfsg-5+deb9u1 <none>
2018-06-05 18:20:12 status config-files libldap-common:all 2.4.44+dfsg-5+deb9u1
2018-06-05 18:20:12 status config-files libldap-common:all 2.4.44+dfsg-5+deb9u1
2018-06-05 18:20:12 status config-files libldap-common:all 2.4.44+dfsg-5+deb9u1
2018-06-05 18:20:12 status config-files libldap-common:all 2.4.44+dfsg-5+deb9u1
2018-06-05 18:20:12 status config-files libldap-common:all 2.4.44+dfsg-5+deb9u1
2018-06-05 18:20:12 status not-installed libldap-common:all <none>
2018-06-05 18:20:12 purge libgssapi-krb5-2:amd64 1.15-1+deb9u1 <none>
2018-06-05 18:20:12 status config-files libgssapi-krb5-2:amd64 1.15-1+deb9u1
2018-06-05 18:20:12 status config-files libgssapi-krb5-2:amd64 1.15-1+deb9u1
2018-06-05 18:20:12 status config-files libgssapi-krb5-2:amd64 1.15-1+deb9u1
2018-06-05 18:20:12 status config-files libgssapi-krb5-2:amd64 1.15-1+deb9u1
2018-06-05 18:20:12 status config-files libgssapi-krb5-2:amd64 1.15-1+deb9u1
2018-06-05 18:20:12 status not-installed libgssapi-krb5-2:amd64 <none>
2018-06-05 18:20:12 purge openssl:amd64 1.1.0f-3+deb9u2 <none>
2018-06-05 18:20:12 status config-files openssl:amd64 1.1.0f-3+deb9u2
2018-06-05 18:20:12 status config-files openssl:amd64 1.1.0f-3+deb9u2
2018-06-05 18:20:12 status config-files openssl:amd64 1.1.0f-3+deb9u2
2018-06-05 18:20:12 status config-files openssl:amd64 1.1.0f-3+deb9u2
2018-06-05 18:20:12 status config-files openssl:amd64 1.1.0f-3+deb9u2
2018-06-05 18:20:12 status not-installed openssl:amd64 <none>
2018-06-05 18:20:12 purge ca-certificates:all 20161130+nmu1 <none>
2018-06-05 18:20:12 status config-files ca-certificates:all 20161130+nmu1
2018-06-05 18:20:12 status config-files ca-certificates:all 20161130+nmu1
2018-06-05 18:20:12 status config-files ca-certificates:all 20161130+nmu1
2018-06-05 18:20:12 status config-files ca-certificates:all 20161130+nmu1
2018-06-05 18:20:12 status config-files ca-certificates:all 20161130+nmu1
2018-06-05 18:20:12 status not-installed ca-certificates:all <none>
2018-06-05 18:20:12 startup packages configure
